<?xml version="1.0" encoding="UTF-8"?>
<!-- Generated by org.testng.reporters.JUnitReportReporter -->
<testsuite hostname="DESKTOP-VDDO8H2" failures="0" tests="1" name="sauceDemoTests.SDHomeTest" time="16.828" errors="0" timestamp="2023-10-02T21:30:01 CDT" skipped="0">
  <testcase classname="sauceDemoTests.SDHomeTest" name="testAddToCart" time="16.828"/>
  <system-out/>
</testsuite> <!-- sauceDemoTests.SDHomeTest -->
