<?xml version="1.0" encoding="UTF-8"?>
<!-- Generated by org.testng.reporters.JUnitReportReporter -->
<testsuite hostname="DESKTOP-VDDO8H2" failures="0" tests="1" name="sauceDemoTests.SDUserInfoTest" time="23.633" errors="0" timestamp="2023-10-04T21:25:06 CDT" skipped="0">
  <testcase classname="sauceDemoTests.SDUserInfoTest" name="continueToCheckout" time="23.633"/>
  <system-out/>
</testsuite> <!-- sauceDemoTests.SDUserInfoTest -->
