<?xml version="1.0" encoding="UTF-8"?>
<!-- Generated by org.testng.reporters.JUnitReportReporter -->
<testsuite hostname="DESKTOP-VDDO8H2" failures="0" tests="1" name="test.FBCreatePageTest" time="2.260" errors="0" timestamp="2023-10-02T00:28:29 CDT" skipped="0">
  <testcase classname="test.FBCreatePageTest" name="testCreatePage" time="2.260"/>
  <system-out/>
</testsuite> <!-- test.FBCreatePageTest -->
