<?xml version="1.0" encoding="UTF-8"?>
<!-- Generated by org.testng.reporters.JUnitReportReporter -->
<testsuite hostname="DESKTOP-VDDO8H2" failures="0" tests="1" name="test.FbLoginTest" time="0.273" errors="0" timestamp="2023-09-29T00:12:06 CDT" skipped="0">
  <testcase classname="test.FbLoginTest" name="login" time="0.273"/>
  <system-out/>
</testsuite> <!-- test.FbLoginTest -->
