<?xml version="1.0" encoding="UTF-8"?>
<!-- Generated by org.testng.reporters.JUnitReportReporter -->
<testsuite hostname="DESKTOP-VDDO8H2" failures="0" tests="1" name="sauceDemoTests.SDLoginTest" time="17.005" errors="0" timestamp="2023-10-02T21:27:14 CDT" skipped="0">
  <testcase classname="sauceDemoTests.SDLoginTest" name="checkLogin" time="17.005"/>
  <system-out/>
</testsuite> <!-- sauceDemoTests.SDLoginTest -->
